<?xml version="1.0" encoding="UTF-8"?>
<!-- Generated by org.testng.reporters.JUnitReportReporter -->
<testsuite hostname="DESKTOP-RV5TOV6" failures="0" tests="1" name="com.automation.code.Facebook_Code" time="14.155" errors="0" timestamp="2022-08-21T21:43:45 GMT-04:00" skipped="0">
  <testcase classname="com.automation.code.Facebook_Code" name="checkDOB" time="14.155"/>
  <system-out/>
</testsuite> <!-- com.automation.code.Facebook_Code -->
