<?xml version="1.0" encoding="UTF-8"?>
<!-- Generated by org.testng.reporters.JUnitReportReporter -->
<testsuite hostname="DESKTOP-RV5TOV6" failures="0" tests="1" name="com.automation.code.Facebook_Dropdown" time="22.738" errors="0" timestamp="2022-08-21T20:02:08 GMT-04:00" skipped="0">
  <testcase classname="com.automation.code.Facebook_Dropdown" name="checkDOB" time="22.738"/>
  <system-out/>
</testsuite> <!-- com.automation.code.Facebook_Dropdown -->
